Copyright 1986-2021 Xilinx, Inc. All Rights Reserved.
------------------------------------------------------------------------------------------------------------------------------------------
| Tool Version : Vivado v.2021.1 (win64) Build 3247384 Thu Jun 10 19:36:33 MDT 2021
| Date         : Fri Jul  2 14:39:12 2021
| Host         : FABLAB05 running 64-bit major release  (build 9200)
| Command      : report_utilization -hierarchical -hierarchical_depth 6 -file ./report/GOST_Encrypt_SR_utilization_hierarchical_synth.rpt
| Design       : bd_0_wrapper
| Device       : 7z020clg400-1
| Design State : Synthesized
------------------------------------------------------------------------------------------------------------------------------------------

Utilization Design Information

Table of Contents
-----------------
1. Utilization by Hierarchy

1. Utilization by Hierarchy
---------------------------

+----------------------------------------+------------------------------------------------------------+------------+------------+---------+------+-----+--------+--------+------------+
|                Instance                |                           Module                           | Total LUTs | Logic LUTs | LUTRAMs | SRLs | FFs | RAMB36 | RAMB18 | DSP Blocks |
+----------------------------------------+------------------------------------------------------------+------------+------------+---------+------+-----+--------+--------+------------+
| bd_0_wrapper                           |                                                      (top) |        443 |        443 |       0 |    0 | 615 |      0 |      0 |          0 |
|   bd_0_i                               |                                                       bd_0 |        443 |        443 |       0 |    0 | 615 |      0 |      0 |          0 |
|     hls_inst                           |                                            bd_0_hls_inst_0 |        443 |        443 |       0 |    0 | 615 |      0 |      0 |          0 |
|       (hls_inst)                       |                                            bd_0_hls_inst_0 |          0 |          0 |       0 |    0 |   0 |      0 |      0 |          0 |
|       inst                             |                            bd_0_hls_inst_0_GOST_Encrypt_SR |        443 |        443 |       0 |    0 | 615 |      0 |      0 |          0 |
|         (inst)                         |                            bd_0_hls_inst_0_GOST_Encrypt_SR |        120 |        120 |       0 |    0 | 433 |      0 |      0 |          0 |
|         control_s_axi_U                |              bd_0_hls_inst_0_GOST_Encrypt_SR_control_s_axi |        108 |        108 |       0 |    0 |  85 |      0 |      0 |          0 |
|         grp_GOST_Crypt_Step_fu_217     |            bd_0_hls_inst_0_GOST_Encrypt_SR_GOST_Crypt_Step |        215 |        215 |       0 |    0 |  97 |      0 |      0 |          0 |
|           (grp_GOST_Crypt_Step_fu_217) |            bd_0_hls_inst_0_GOST_Encrypt_SR_GOST_Crypt_Step |         85 |         85 |       0 |    0 |  65 |      0 |      0 |          0 |
|           GOST_Table_U                 | bd_0_hls_inst_0_GOST_Encrypt_SR_GOST_Crypt_Step_GOST_Table |        130 |        130 |       0 |    0 |  32 |      0 |      0 |          0 |
+----------------------------------------+------------------------------------------------------------+------------+------------+---------+------+-----+--------+--------+------------+


