Copyright 1986-2021 Xilinx, Inc. All Rights Reserved.
---------------------------------------------------------------------------------------------------
| Tool Version : Vivado v.2021.1 (win64) Build 3247384 Thu Jun 10 19:36:33 MDT 2021
| Date         : Fri Jul  2 14:39:19 2021
| Host         : FABLAB05 running 64-bit major release  (build 9200)
| Command      : report_timing -max_paths 10 -file ./report/GOST_Encrypt_SR_timing_paths_synth.rpt
| Design       : bd_0_wrapper
| Device       : 7z020-clg400
| Speed File   : -1  PRODUCTION 1.12 2019-11-22
---------------------------------------------------------------------------------------------------

Timing Report

Slack (MET) :             2.901ns  (required time - arrival time)
  Source:                 bd_0_i/hls_inst/inst/ap_CS_fsm_reg[77]/C
                            (rising edge-triggered cell FDRE clocked by ap_clk  {rise@0.000ns fall@5.000ns period=10.000ns})
  Destination:            bd_0_i/hls_inst/inst/grp_GOST_Crypt_Step_fu_217/GOST_Table_U/q0_reg[2]/D
                            (rising edge-triggered cell FDRE clocked by ap_clk  {rise@0.000ns fall@5.000ns period=10.000ns})
  Path Group:             ap_clk
  Path Type:              Setup (Max at Slow Process Corner)
  Requirement:            10.000ns  (ap_clk rise@10.000ns - ap_clk rise@0.000ns)
  Data Path Delay:        7.092ns  (logic 3.090ns (43.570%)  route 4.002ns (56.430%))
  Logic Levels:           13  (CARRY4=7 LUT3=1 LUT4=2 LUT5=2 LUT6=1)
  Clock Path Skew:        -0.049ns (DCD - SCD + CPR)
    Destination Clock Delay (DCD):    0.924ns = ( 10.924 - 10.000 ) 
    Source Clock Delay      (SCD):    0.973ns
    Clock Pessimism Removal (CPR):    0.000ns
  Clock Uncertainty:      0.035ns  ((TSJ^2 + TIJ^2)^1/2 + DJ) / 2 + PE
    Total System Jitter     (TSJ):    0.071ns
    Total Input Jitter      (TIJ):    0.000ns
    Discrete Jitter          (DJ):    0.000ns
    Phase Error              (PE):    0.000ns

    Location             Delay type                Incr(ns)  Path(ns)    Netlist Resource(s)
  -------------------------------------------------------------------    -------------------
                         (clock ap_clk rise edge)     0.000     0.000 r  
                                                      0.000     0.000 r  ap_clk (IN)
                         net (fo=614, unset)          0.973     0.973    bd_0_i/hls_inst/inst/ap_clk
                         FDRE                                         r  bd_0_i/hls_inst/inst/ap_CS_fsm_reg[77]/C
  -------------------------------------------------------------------    -------------------
                         FDRE (Prop_fdre_C_Q)         0.518     1.491 f  bd_0_i/hls_inst/inst/ap_CS_fsm_reg[77]/Q
                         net (fo=3, unplaced)         0.759     2.250    bd_0_i/hls_inst/inst/grp_GOST_Crypt_Step_fu_217/GOST_Table_U/Last_read_reg_658_reg[0][36]
                         LUT4 (Prop_lut4_I1_O)        0.319     2.569 f  bd_0_i/hls_inst/inst/grp_GOST_Crypt_Step_fu_217/GOST_Table_U/trunc_ln_reg_668[1]_i_6/O
                         net (fo=2, unplaced)         0.460     3.029    bd_0_i/hls_inst/inst/grp_GOST_Crypt_Step_fu_217/GOST_Table_U/trunc_ln_reg_668[1]_i_6_n_0
                         LUT5 (Prop_lut5_I4_O)        0.116     3.145 f  bd_0_i/hls_inst/inst/grp_GOST_Crypt_Step_fu_217/GOST_Table_U/trunc_ln_reg_668[31]_i_3/O
                         net (fo=1, unplaced)         1.111     4.256    bd_0_i/hls_inst/inst/grp_GOST_Crypt_Step_fu_217/GOST_Table_U/trunc_ln_reg_668[31]_i_3_n_0
                         LUT5 (Prop_lut5_I0_O)        0.124     4.380 r  bd_0_i/hls_inst/inst/grp_GOST_Crypt_Step_fu_217/GOST_Table_U/trunc_ln_reg_668[31]_i_2/O
                         net (fo=151, unplaced)       0.559     4.939    bd_0_i/hls_inst/inst/grp_GOST_Crypt_Step_fu_217/GOST_Table_U/ap_CS_fsm_reg[85]
                         LUT3 (Prop_lut3_I1_O)        0.124     5.063 r  bd_0_i/hls_inst/inst/grp_GOST_Crypt_Step_fu_217/GOST_Table_U/trunc_ln_reg_668[4]_i_1/O
                         net (fo=9, unplaced)         0.490     5.553    bd_0_i/hls_inst/inst/grp_GOST_Crypt_Step_fu_217/trunc_ln_fu_227_p4[4]
                         LUT6 (Prop_lut6_I0_O)        0.124     5.677 r  bd_0_i/hls_inst/inst/grp_GOST_Crypt_Step_fu_217/S_fu_279_p2_carry__0_i_6/O
                         net (fo=1, unplaced)         0.000     5.677    bd_0_i/hls_inst/inst/grp_GOST_Crypt_Step_fu_217/S_fu_279_p2_carry__0_i_6_n_0
                         CARRY4 (Prop_carry4_S[0]_CO[3])
                                                      0.513     6.190 r  bd_0_i/hls_inst/inst/grp_GOST_Crypt_Step_fu_217/S_fu_279_p2_carry__0/CO[3]
                         net (fo=1, unplaced)         0.000     6.190    bd_0_i/hls_inst/inst/grp_GOST_Crypt_Step_fu_217/S_fu_279_p2_carry__0_n_0
                         CARRY4 (Prop_carry4_CI_CO[3])
                                                      0.117     6.307 r  bd_0_i/hls_inst/inst/grp_GOST_Crypt_Step_fu_217/S_fu_279_p2_carry__1/CO[3]
                         net (fo=1, unplaced)         0.000     6.307    bd_0_i/hls_inst/inst/grp_GOST_Crypt_Step_fu_217/S_fu_279_p2_carry__1_n_0
                         CARRY4 (Prop_carry4_CI_CO[3])
                                                      0.117     6.424 r  bd_0_i/hls_inst/inst/grp_GOST_Crypt_Step_fu_217/S_fu_279_p2_carry__2/CO[3]
                         net (fo=1, unplaced)         0.000     6.424    bd_0_i/hls_inst/inst/grp_GOST_Crypt_Step_fu_217/S_fu_279_p2_carry__2_n_0
                         CARRY4 (Prop_carry4_CI_CO[3])
                                                      0.117     6.541 r  bd_0_i/hls_inst/inst/grp_GOST_Crypt_Step_fu_217/S_fu_279_p2_carry__3/CO[3]
                         net (fo=1, unplaced)         0.000     6.541    bd_0_i/hls_inst/inst/grp_GOST_Crypt_Step_fu_217/S_fu_279_p2_carry__3_n_0
                         CARRY4 (Prop_carry4_CI_CO[3])
                                                      0.117     6.658 r  bd_0_i/hls_inst/inst/grp_GOST_Crypt_Step_fu_217/S_fu_279_p2_carry__4/CO[3]
                         net (fo=1, unplaced)         0.000     6.658    bd_0_i/hls_inst/inst/grp_GOST_Crypt_Step_fu_217/S_fu_279_p2_carry__4_n_0
                         CARRY4 (Prop_carry4_CI_CO[3])
                                                      0.117     6.775 r  bd_0_i/hls_inst/inst/grp_GOST_Crypt_Step_fu_217/S_fu_279_p2_carry__5/CO[3]
                         net (fo=1, unplaced)         0.000     6.775    bd_0_i/hls_inst/inst/grp_GOST_Crypt_Step_fu_217/S_fu_279_p2_carry__5_n_0
                         CARRY4 (Prop_carry4_CI_O[1])
                                                      0.337     7.112 r  bd_0_i/hls_inst/inst/grp_GOST_Crypt_Step_fu_217/S_fu_279_p2_carry__6/O[1]
                         net (fo=4, unplaced)         0.623     7.735    bd_0_i/hls_inst/inst/grp_GOST_Crypt_Step_fu_217/GOST_Table_U/S_fu_279_p2[5]
                         LUT4 (Prop_lut4_I1_O)        0.330     8.065 r  bd_0_i/hls_inst/inst/grp_GOST_Crypt_Step_fu_217/GOST_Table_U/g1_b2__1/O
                         net (fo=1, unplaced)         0.000     8.065    bd_0_i/hls_inst/inst/grp_GOST_Crypt_Step_fu_217/GOST_Table_U/g1_b2__1_n_0
                         FDRE                                         r  bd_0_i/hls_inst/inst/grp_GOST_Crypt_Step_fu_217/GOST_Table_U/q0_reg[2]/D
  -------------------------------------------------------------------    -------------------

                         (clock ap_clk rise edge)    10.000    10.000 r  
                                                      0.000    10.000 r  ap_clk (IN)
                         net (fo=614, unset)          0.924    10.924    bd_0_i/hls_inst/inst/grp_GOST_Crypt_Step_fu_217/GOST_Table_U/ap_clk
                         FDRE                                         r  bd_0_i/hls_inst/inst/grp_GOST_Crypt_Step_fu_217/GOST_Table_U/q0_reg[2]/C
                         clock pessimism              0.000    10.924    
                         clock uncertainty           -0.035    10.889    
                         FDRE (Setup_fdre_C_D)        0.077    10.966    bd_0_i/hls_inst/inst/grp_GOST_Crypt_Step_fu_217/GOST_Table_U/q0_reg[2]
  -------------------------------------------------------------------
                         required time                         10.966    
                         arrival time                          -8.065    
  -------------------------------------------------------------------
                         slack                                  2.901    

Slack (MET) :             2.901ns  (required time - arrival time)
  Source:                 bd_0_i/hls_inst/inst/ap_CS_fsm_reg[77]/C
                            (rising edge-triggered cell FDRE clocked by ap_clk  {rise@0.000ns fall@5.000ns period=10.000ns})
  Destination:            bd_0_i/hls_inst/inst/grp_GOST_Crypt_Step_fu_217/GOST_Table_U/q0_reg[3]/D
                            (rising edge-triggered cell FDRE clocked by ap_clk  {rise@0.000ns fall@5.000ns period=10.000ns})
  Path Group:             ap_clk
  Path Type:              Setup (Max at Slow Process Corner)
  Requirement:            10.000ns  (ap_clk rise@10.000ns - ap_clk rise@0.000ns)
  Data Path Delay:        7.092ns  (logic 3.090ns (43.570%)  route 4.002ns (56.430%))
  Logic Levels:           13  (CARRY4=7 LUT3=1 LUT4=2 LUT5=2 LUT6=1)
  Clock Path Skew:        -0.049ns (DCD - SCD + CPR)
    Destination Clock Delay (DCD):    0.924ns = ( 10.924 - 10.000 ) 
    Source Clock Delay      (SCD):    0.973ns
    Clock Pessimism Removal (CPR):    0.000ns
  Clock Uncertainty:      0.035ns  ((TSJ^2 + TIJ^2)^1/2 + DJ) / 2 + PE
    Total System Jitter     (TSJ):    0.071ns
    Total Input Jitter      (TIJ):    0.000ns
    Discrete Jitter          (DJ):    0.000ns
    Phase Error              (PE):    0.000ns

    Location             Delay type                Incr(ns)  Path(ns)    Netlist Resource(s)
  -------------------------------------------------------------------    -------------------
                         (clock ap_clk rise edge)     0.000     0.000 r  
                                                      0.000     0.000 r  ap_clk (IN)
                         net (fo=614, unset)          0.973     0.973    bd_0_i/hls_inst/inst/ap_clk
                         FDRE                                         r  bd_0_i/hls_inst/inst/ap_CS_fsm_reg[77]/C
  -------------------------------------------------------------------    -------------------
                         FDRE (Prop_fdre_C_Q)         0.518     1.491 f  bd_0_i/hls_inst/inst/ap_CS_fsm_reg[77]/Q
                         net (fo=3, unplaced)         0.759     2.250    bd_0_i/hls_inst/inst/grp_GOST_Crypt_Step_fu_217/GOST_Table_U/Last_read_reg_658_reg[0][36]
                         LUT4 (Prop_lut4_I1_O)        0.319     2.569 f  bd_0_i/hls_inst/inst/grp_GOST_Crypt_Step_fu_217/GOST_Table_U/trunc_ln_reg_668[1]_i_6/O
                         net (fo=2, unplaced)         0.460     3.029    bd_0_i/hls_inst/inst/grp_GOST_Crypt_Step_fu_217/GOST_Table_U/trunc_ln_reg_668[1]_i_6_n_0
                         LUT5 (Prop_lut5_I4_O)        0.116     3.145 f  bd_0_i/hls_inst/inst/grp_GOST_Crypt_Step_fu_217/GOST_Table_U/trunc_ln_reg_668[31]_i_3/O
                         net (fo=1, unplaced)         1.111     4.256    bd_0_i/hls_inst/inst/grp_GOST_Crypt_Step_fu_217/GOST_Table_U/trunc_ln_reg_668[31]_i_3_n_0
                         LUT5 (Prop_lut5_I0_O)        0.124     4.380 r  bd_0_i/hls_inst/inst/grp_GOST_Crypt_Step_fu_217/GOST_Table_U/trunc_ln_reg_668[31]_i_2/O
                         net (fo=151, unplaced)       0.559     4.939    bd_0_i/hls_inst/inst/grp_GOST_Crypt_Step_fu_217/GOST_Table_U/ap_CS_fsm_reg[85]
                         LUT3 (Prop_lut3_I1_O)        0.124     5.063 r  bd_0_i/hls_inst/inst/grp_GOST_Crypt_Step_fu_217/GOST_Table_U/trunc_ln_reg_668[4]_i_1/O
                         net (fo=9, unplaced)         0.490     5.553    bd_0_i/hls_inst/inst/grp_GOST_Crypt_Step_fu_217/trunc_ln_fu_227_p4[4]
                         LUT6 (Prop_lut6_I0_O)        0.124     5.677 r  bd_0_i/hls_inst/inst/grp_GOST_Crypt_Step_fu_217/S_fu_279_p2_carry__0_i_6/O
                         net (fo=1, unplaced)         0.000     5.677    bd_0_i/hls_inst/inst/grp_GOST_Crypt_Step_fu_217/S_fu_279_p2_carry__0_i_6_n_0
                         CARRY4 (Prop_carry4_S[0]_CO[3])
                                                      0.513     6.190 r  bd_0_i/hls_inst/inst/grp_GOST_Crypt_Step_fu_217/S_fu_279_p2_carry__0/CO[3]
                         net (fo=1, unplaced)         0.000     6.190    bd_0_i/hls_inst/inst/grp_GOST_Crypt_Step_fu_217/S_fu_279_p2_carry__0_n_0
                         CARRY4 (Prop_carry4_CI_CO[3])
                                                      0.117     6.307 r  bd_0_i/hls_inst/inst/grp_GOST_Crypt_Step_fu_217/S_fu_279_p2_carry__1/CO[3]
                         net (fo=1, unplaced)         0.000     6.307    bd_0_i/hls_inst/inst/grp_GOST_Crypt_Step_fu_217/S_fu_279_p2_carry__1_n_0
                         CARRY4 (Prop_carry4_CI_CO[3])
                                                      0.117     6.424 r  bd_0_i/hls_inst/inst/grp_GOST_Crypt_Step_fu_217/S_fu_279_p2_carry__2/CO[3]
                         net (fo=1, unplaced)         0.000     6.424    bd_0_i/hls_inst/inst/grp_GOST_Crypt_Step_fu_217/S_fu_279_p2_carry__2_n_0
                         CARRY4 (Prop_carry4_CI_CO[3])
                                                      0.117     6.541 r  bd_0_i/hls_inst/inst/grp_GOST_Crypt_Step_fu_217/S_fu_279_p2_carry__3/CO[3]
                         net (fo=1, unplaced)         0.000     6.541    bd_0_i/hls_inst/inst/grp_GOST_Crypt_Step_fu_217/S_fu_279_p2_carry__3_n_0
                         CARRY4 (Prop_carry4_CI_CO[3])
                                                      0.117     6.658 r  bd_0_i/hls_inst/inst/grp_GOST_Crypt_Step_fu_217/S_fu_279_p2_carry__4/CO[3]
                         net (fo=1, unplaced)         0.000     6.658    bd_0_i/hls_inst/inst/grp_GOST_Crypt_Step_fu_217/S_fu_279_p2_carry__4_n_0
                         CARRY4 (Prop_carry4_CI_CO[3])
                                                      0.117     6.775 r  bd_0_i/hls_inst/inst/grp_GOST_Crypt_Step_fu_217/S_fu_279_p2_carry__5/CO[3]
                         net (fo=1, unplaced)         0.000     6.775    bd_0_i/hls_inst/inst/grp_GOST_Crypt_Step_fu_217/S_fu_279_p2_carry__5_n_0
                         CARRY4 (Prop_carry4_CI_O[1])
                                                      0.337     7.112 r  bd_0_i/hls_inst/inst/grp_GOST_Crypt_Step_fu_217/S_fu_279_p2_carry__6/O[1]
                         net (fo=4, unplaced)         0.623     7.735    bd_0_i/hls_inst/inst/grp_GOST_Crypt_Step_fu_217/GOST_Table_U/S_fu_279_p2[5]
                         LUT4 (Prop_lut4_I1_O)        0.330     8.065 r  bd_0_i/hls_inst/inst/grp_GOST_Crypt_Step_fu_217/GOST_Table_U/g1_b3__1/O
                         net (fo=1, unplaced)         0.000     8.065    bd_0_i/hls_inst/inst/grp_GOST_Crypt_Step_fu_217/GOST_Table_U/g1_b3__1_n_0
                         FDRE                                         r  bd_0_i/hls_inst/inst/grp_GOST_Crypt_Step_fu_217/GOST_Table_U/q0_reg[3]/D
  -------------------------------------------------------------------    -------------------

                         (clock ap_clk rise edge)    10.000    10.000 r  
                                                      0.000    10.000 r  ap_clk (IN)
                         net (fo=614, unset)          0.924    10.924    bd_0_i/hls_inst/inst/grp_GOST_Crypt_Step_fu_217/GOST_Table_U/ap_clk
                         FDRE                                         r  bd_0_i/hls_inst/inst/grp_GOST_Crypt_Step_fu_217/GOST_Table_U/q0_reg[3]/C
                         clock pessimism              0.000    10.924    
                         clock uncertainty           -0.035    10.889    
                         FDRE (Setup_fdre_C_D)        0.077    10.966    bd_0_i/hls_inst/inst/grp_GOST_Crypt_Step_fu_217/GOST_Table_U/q0_reg[3]
  -------------------------------------------------------------------
                         required time                         10.966    
                         arrival time                          -8.065    
  -------------------------------------------------------------------
                         slack                                  2.901    

Slack (MET) :             2.911ns  (required time - arrival time)
  Source:                 bd_0_i/hls_inst/inst/ap_CS_fsm_reg[77]/C
                            (rising edge-triggered cell FDRE clocked by ap_clk  {rise@0.000ns fall@5.000ns period=10.000ns})
  Destination:            bd_0_i/hls_inst/inst/grp_GOST_Crypt_Step_fu_217/GOST_Table_U/q0_reg[0]/D
                            (rising edge-triggered cell FDRE clocked by ap_clk  {rise@0.000ns fall@5.000ns period=10.000ns})
  Path Group:             ap_clk
  Path Type:              Setup (Max at Slow Process Corner)
  Requirement:            10.000ns  (ap_clk rise@10.000ns - ap_clk rise@0.000ns)
  Data Path Delay:        7.082ns  (logic 3.061ns (43.222%)  route 4.021ns (56.778%))
  Logic Levels:           13  (CARRY4=7 LUT3=1 LUT4=2 LUT5=2 LUT6=1)
  Clock Path Skew:        -0.049ns (DCD - SCD + CPR)
    Destination Clock Delay (DCD):    0.924ns = ( 10.924 - 10.000 ) 
    Source Clock Delay      (SCD):    0.973ns
    Clock Pessimism Removal (CPR):    0.000ns
  Clock Uncertainty:      0.035ns  ((TSJ^2 + TIJ^2)^1/2 + DJ) / 2 + PE
    Total System Jitter     (TSJ):    0.071ns
    Total Input Jitter      (TIJ):    0.000ns
    Discrete Jitter          (DJ):    0.000ns
    Phase Error              (PE):    0.000ns

    Location             Delay type                Incr(ns)  Path(ns)    Netlist Resource(s)
  -------------------------------------------------------------------    -------------------
                         (clock ap_clk rise edge)     0.000     0.000 r  
                                                      0.000     0.000 r  ap_clk (IN)
                         net (fo=614, unset)          0.973     0.973    bd_0_i/hls_inst/inst/ap_clk
                         FDRE                                         r  bd_0_i/hls_inst/inst/ap_CS_fsm_reg[77]/C
  -------------------------------------------------------------------    -------------------
                         FDRE (Prop_fdre_C_Q)         0.518     1.491 f  bd_0_i/hls_inst/inst/ap_CS_fsm_reg[77]/Q
                         net (fo=3, unplaced)         0.759     2.250    bd_0_i/hls_inst/inst/grp_GOST_Crypt_Step_fu_217/GOST_Table_U/Last_read_reg_658_reg[0][36]
                         LUT4 (Prop_lut4_I1_O)        0.319     2.569 f  bd_0_i/hls_inst/inst/grp_GOST_Crypt_Step_fu_217/GOST_Table_U/trunc_ln_reg_668[1]_i_6/O
                         net (fo=2, unplaced)         0.460     3.029    bd_0_i/hls_inst/inst/grp_GOST_Crypt_Step_fu_217/GOST_Table_U/trunc_ln_reg_668[1]_i_6_n_0
                         LUT5 (Prop_lut5_I4_O)        0.116     3.145 f  bd_0_i/hls_inst/inst/grp_GOST_Crypt_Step_fu_217/GOST_Table_U/trunc_ln_reg_668[31]_i_3/O
                         net (fo=1, unplaced)         1.111     4.256    bd_0_i/hls_inst/inst/grp_GOST_Crypt_Step_fu_217/GOST_Table_U/trunc_ln_reg_668[31]_i_3_n_0
                         LUT5 (Prop_lut5_I0_O)        0.124     4.380 r  bd_0_i/hls_inst/inst/grp_GOST_Crypt_Step_fu_217/GOST_Table_U/trunc_ln_reg_668[31]_i_2/O
                         net (fo=151, unplaced)       0.559     4.939    bd_0_i/hls_inst/inst/grp_GOST_Crypt_Step_fu_217/GOST_Table_U/ap_CS_fsm_reg[85]
                         LUT3 (Prop_lut3_I1_O)        0.124     5.063 r  bd_0_i/hls_inst/inst/grp_GOST_Crypt_Step_fu_217/GOST_Table_U/trunc_ln_reg_668[4]_i_1/O
                         net (fo=9, unplaced)         0.490     5.553    bd_0_i/hls_inst/inst/grp_GOST_Crypt_Step_fu_217/trunc_ln_fu_227_p4[4]
                         LUT6 (Prop_lut6_I0_O)        0.124     5.677 r  bd_0_i/hls_inst/inst/grp_GOST_Crypt_Step_fu_217/S_fu_279_p2_carry__0_i_6/O
                         net (fo=1, unplaced)         0.000     5.677    bd_0_i/hls_inst/inst/grp_GOST_Crypt_Step_fu_217/S_fu_279_p2_carry__0_i_6_n_0
                         CARRY4 (Prop_carry4_S[0]_CO[3])
                                                      0.513     6.190 r  bd_0_i/hls_inst/inst/grp_GOST_Crypt_Step_fu_217/S_fu_279_p2_carry__0/CO[3]
                         net (fo=1, unplaced)         0.000     6.190    bd_0_i/hls_inst/inst/grp_GOST_Crypt_Step_fu_217/S_fu_279_p2_carry__0_n_0
                         CARRY4 (Prop_carry4_CI_CO[3])
                                                      0.117     6.307 r  bd_0_i/hls_inst/inst/grp_GOST_Crypt_Step_fu_217/S_fu_279_p2_carry__1/CO[3]
                         net (fo=1, unplaced)         0.000     6.307    bd_0_i/hls_inst/inst/grp_GOST_Crypt_Step_fu_217/S_fu_279_p2_carry__1_n_0
                         CARRY4 (Prop_carry4_CI_CO[3])
                                                      0.117     6.424 r  bd_0_i/hls_inst/inst/grp_GOST_Crypt_Step_fu_217/S_fu_279_p2_carry__2/CO[3]
                         net (fo=1, unplaced)         0.000     6.424    bd_0_i/hls_inst/inst/grp_GOST_Crypt_Step_fu_217/S_fu_279_p2_carry__2_n_0
                         CARRY4 (Prop_carry4_CI_CO[3])
                                                      0.117     6.541 r  bd_0_i/hls_inst/inst/grp_GOST_Crypt_Step_fu_217/S_fu_279_p2_carry__3/CO[3]
                         net (fo=1, unplaced)         0.000     6.541    bd_0_i/hls_inst/inst/grp_GOST_Crypt_Step_fu_217/S_fu_279_p2_carry__3_n_0
                         CARRY4 (Prop_carry4_CI_CO[3])
                                                      0.117     6.658 r  bd_0_i/hls_inst/inst/grp_GOST_Crypt_Step_fu_217/S_fu_279_p2_carry__4/CO[3]
                         net (fo=1, unplaced)         0.000     6.658    bd_0_i/hls_inst/inst/grp_GOST_Crypt_Step_fu_217/S_fu_279_p2_carry__4_n_0
                         CARRY4 (Prop_carry4_CI_CO[3])
                                                      0.117     6.775 r  bd_0_i/hls_inst/inst/grp_GOST_Crypt_Step_fu_217/S_fu_279_p2_carry__5/CO[3]
                         net (fo=1, unplaced)         0.000     6.775    bd_0_i/hls_inst/inst/grp_GOST_Crypt_Step_fu_217/S_fu_279_p2_carry__5_n_0
                         CARRY4 (Prop_carry4_CI_O[3])
                                                      0.331     7.106 r  bd_0_i/hls_inst/inst/grp_GOST_Crypt_Step_fu_217/S_fu_279_p2_carry__6/O[3]
                         net (fo=4, unplaced)         0.642     7.748    bd_0_i/hls_inst/inst/grp_GOST_Crypt_Step_fu_217/GOST_Table_U/S_fu_279_p2[7]
                         LUT4 (Prop_lut4_I3_O)        0.307     8.055 r  bd_0_i/hls_inst/inst/grp_GOST_Crypt_Step_fu_217/GOST_Table_U/g1_b0__1/O
                         net (fo=1, unplaced)         0.000     8.055    bd_0_i/hls_inst/inst/grp_GOST_Crypt_Step_fu_217/GOST_Table_U/g1_b0__1_n_0
                         FDRE                                         r  bd_0_i/hls_inst/inst/grp_GOST_Crypt_Step_fu_217/GOST_Table_U/q0_reg[0]/D
  -------------------------------------------------------------------    -------------------

                         (clock ap_clk rise edge)    10.000    10.000 r  
                                                      0.000    10.000 r  ap_clk (IN)
                         net (fo=614, unset)          0.924    10.924    bd_0_i/hls_inst/inst/grp_GOST_Crypt_Step_fu_217/GOST_Table_U/ap_clk
                         FDRE                                         r  bd_0_i/hls_inst/inst/grp_GOST_Crypt_Step_fu_217/GOST_Table_U/q0_reg[0]/C
                         clock pessimism              0.000    10.924    
                         clock uncertainty           -0.035    10.889    
                         FDRE (Setup_fdre_C_D)        0.077    10.966    bd_0_i/hls_inst/inst/grp_GOST_Crypt_Step_fu_217/GOST_Table_U/q0_reg[0]
  -------------------------------------------------------------------
                         required time                         10.966    
                         arrival time                          -8.055    
  -------------------------------------------------------------------
                         slack                                  2.911    

Slack (MET) :             2.911ns  (required time - arrival time)
  Source:                 bd_0_i/hls_inst/inst/ap_CS_fsm_reg[77]/C
                            (rising edge-triggered cell FDRE clocked by ap_clk  {rise@0.000ns fall@5.000ns period=10.000ns})
  Destination:            bd_0_i/hls_inst/inst/grp_GOST_Crypt_Step_fu_217/GOST_Table_U/q0_reg[1]/D
                            (rising edge-triggered cell FDRE clocked by ap_clk  {rise@0.000ns fall@5.000ns period=10.000ns})
  Path Group:             ap_clk
  Path Type:              Setup (Max at Slow Process Corner)
  Requirement:            10.000ns  (ap_clk rise@10.000ns - ap_clk rise@0.000ns)
  Data Path Delay:        7.082ns  (logic 3.061ns (43.222%)  route 4.021ns (56.778%))
  Logic Levels:           13  (CARRY4=7 LUT3=1 LUT4=2 LUT5=2 LUT6=1)
  Clock Path Skew:        -0.049ns (DCD - SCD + CPR)
    Destination Clock Delay (DCD):    0.924ns = ( 10.924 - 10.000 ) 
    Source Clock Delay      (SCD):    0.973ns
    Clock Pessimism Removal (CPR):    0.000ns
  Clock Uncertainty:      0.035ns  ((TSJ^2 + TIJ^2)^1/2 + DJ) / 2 + PE
    Total System Jitter     (TSJ):    0.071ns
    Total Input Jitter      (TIJ):    0.000ns
    Discrete Jitter          (DJ):    0.000ns
    Phase Error              (PE):    0.000ns

    Location             Delay type                Incr(ns)  Path(ns)    Netlist Resource(s)
  -------------------------------------------------------------------    -------------------
                         (clock ap_clk rise edge)     0.000     0.000 r  
                                                      0.000     0.000 r  ap_clk (IN)
                         net (fo=614, unset)          0.973     0.973    bd_0_i/hls_inst/inst/ap_clk
                         FDRE                                         r  bd_0_i/hls_inst/inst/ap_CS_fsm_reg[77]/C
  -------------------------------------------------------------------    -------------------
                         FDRE (Prop_fdre_C_Q)         0.518     1.491 f  bd_0_i/hls_inst/inst/ap_CS_fsm_reg[77]/Q
                         net (fo=3, unplaced)         0.759     2.250    bd_0_i/hls_inst/inst/grp_GOST_Crypt_Step_fu_217/GOST_Table_U/Last_read_reg_658_reg[0][36]
                         LUT4 (Prop_lut4_I1_O)        0.319     2.569 f  bd_0_i/hls_inst/inst/grp_GOST_Crypt_Step_fu_217/GOST_Table_U/trunc_ln_reg_668[1]_i_6/O
                         net (fo=2, unplaced)         0.460     3.029    bd_0_i/hls_inst/inst/grp_GOST_Crypt_Step_fu_217/GOST_Table_U/trunc_ln_reg_668[1]_i_6_n_0
                         LUT5 (Prop_lut5_I4_O)        0.116     3.145 f  bd_0_i/hls_inst/inst/grp_GOST_Crypt_Step_fu_217/GOST_Table_U/trunc_ln_reg_668[31]_i_3/O
                         net (fo=1, unplaced)         1.111     4.256    bd_0_i/hls_inst/inst/grp_GOST_Crypt_Step_fu_217/GOST_Table_U/trunc_ln_reg_668[31]_i_3_n_0
                         LUT5 (Prop_lut5_I0_O)        0.124     4.380 r  bd_0_i/hls_inst/inst/grp_GOST_Crypt_Step_fu_217/GOST_Table_U/trunc_ln_reg_668[31]_i_2/O
                         net (fo=151, unplaced)       0.559     4.939    bd_0_i/hls_inst/inst/grp_GOST_Crypt_Step_fu_217/GOST_Table_U/ap_CS_fsm_reg[85]
                         LUT3 (Prop_lut3_I1_O)        0.124     5.063 r  bd_0_i/hls_inst/inst/grp_GOST_Crypt_Step_fu_217/GOST_Table_U/trunc_ln_reg_668[4]_i_1/O
                         net (fo=9, unplaced)         0.490     5.553    bd_0_i/hls_inst/inst/grp_GOST_Crypt_Step_fu_217/trunc_ln_fu_227_p4[4]
                         LUT6 (Prop_lut6_I0_O)        0.124     5.677 r  bd_0_i/hls_inst/inst/grp_GOST_Crypt_Step_fu_217/S_fu_279_p2_carry__0_i_6/O
                         net (fo=1, unplaced)         0.000     5.677    bd_0_i/hls_inst/inst/grp_GOST_Crypt_Step_fu_217/S_fu_279_p2_carry__0_i_6_n_0
                         CARRY4 (Prop_carry4_S[0]_CO[3])
                                                      0.513     6.190 r  bd_0_i/hls_inst/inst/grp_GOST_Crypt_Step_fu_217/S_fu_279_p2_carry__0/CO[3]
                         net (fo=1, unplaced)         0.000     6.190    bd_0_i/hls_inst/inst/grp_GOST_Crypt_Step_fu_217/S_fu_279_p2_carry__0_n_0
                         CARRY4 (Prop_carry4_CI_CO[3])
                                                      0.117     6.307 r  bd_0_i/hls_inst/inst/grp_GOST_Crypt_Step_fu_217/S_fu_279_p2_carry__1/CO[3]
                         net (fo=1, unplaced)         0.000     6.307    bd_0_i/hls_inst/inst/grp_GOST_Crypt_Step_fu_217/S_fu_279_p2_carry__1_n_0
                         CARRY4 (Prop_carry4_CI_CO[3])
                                                      0.117     6.424 r  bd_0_i/hls_inst/inst/grp_GOST_Crypt_Step_fu_217/S_fu_279_p2_carry__2/CO[3]
                         net (fo=1, unplaced)         0.000     6.424    bd_0_i/hls_inst/inst/grp_GOST_Crypt_Step_fu_217/S_fu_279_p2_carry__2_n_0
                         CARRY4 (Prop_carry4_CI_CO[3])
                                                      0.117     6.541 r  bd_0_i/hls_inst/inst/grp_GOST_Crypt_Step_fu_217/S_fu_279_p2_carry__3/CO[3]
                         net (fo=1, unplaced)         0.000     6.541    bd_0_i/hls_inst/inst/grp_GOST_Crypt_Step_fu_217/S_fu_279_p2_carry__3_n_0
                         CARRY4 (Prop_carry4_CI_CO[3])
                                                      0.117     6.658 r  bd_0_i/hls_inst/inst/grp_GOST_Crypt_Step_fu_217/S_fu_279_p2_carry__4/CO[3]
                         net (fo=1, unplaced)         0.000     6.658    bd_0_i/hls_inst/inst/grp_GOST_Crypt_Step_fu_217/S_fu_279_p2_carry__4_n_0
                         CARRY4 (Prop_carry4_CI_CO[3])
                                                      0.117     6.775 r  bd_0_i/hls_inst/inst/grp_GOST_Crypt_Step_fu_217/S_fu_279_p2_carry__5/CO[3]
                         net (fo=1, unplaced)         0.000     6.775    bd_0_i/hls_inst/inst/grp_GOST_Crypt_Step_fu_217/S_fu_279_p2_carry__5_n_0
                         CARRY4 (Prop_carry4_CI_O[3])
                                                      0.331     7.106 r  bd_0_i/hls_inst/inst/grp_GOST_Crypt_Step_fu_217/S_fu_279_p2_carry__6/O[3]
                         net (fo=4, unplaced)         0.642     7.748    bd_0_i/hls_inst/inst/grp_GOST_Crypt_Step_fu_217/GOST_Table_U/S_fu_279_p2[7]
                         LUT4 (Prop_lut4_I3_O)        0.307     8.055 r  bd_0_i/hls_inst/inst/grp_GOST_Crypt_Step_fu_217/GOST_Table_U/g1_b1__1/O
                         net (fo=1, unplaced)         0.000     8.055    bd_0_i/hls_inst/inst/grp_GOST_Crypt_Step_fu_217/GOST_Table_U/g1_b1__1_n_0
                         FDRE                                         r  bd_0_i/hls_inst/inst/grp_GOST_Crypt_Step_fu_217/GOST_Table_U/q0_reg[1]/D
  -------------------------------------------------------------------    -------------------

                         (clock ap_clk rise edge)    10.000    10.000 r  
                                                      0.000    10.000 r  ap_clk (IN)
                         net (fo=614, unset)          0.924    10.924    bd_0_i/hls_inst/inst/grp_GOST_Crypt_Step_fu_217/GOST_Table_U/ap_clk
                         FDRE                                         r  bd_0_i/hls_inst/inst/grp_GOST_Crypt_Step_fu_217/GOST_Table_U/q0_reg[1]/C
                         clock pessimism              0.000    10.924    
                         clock uncertainty           -0.035    10.889    
                         FDRE (Setup_fdre_C_D)        0.077    10.966    bd_0_i/hls_inst/inst/grp_GOST_Crypt_Step_fu_217/GOST_Table_U/q0_reg[1]
  -------------------------------------------------------------------
                         required time                         10.966    
                         arrival time                          -8.055    
  -------------------------------------------------------------------
                         slack                                  2.911    

Slack (MET) :             3.018ns  (required time - arrival time)
  Source:                 bd_0_i/hls_inst/inst/ap_CS_fsm_reg[77]/C
                            (rising edge-triggered cell FDRE clocked by ap_clk  {rise@0.000ns fall@5.000ns period=10.000ns})
  Destination:            bd_0_i/hls_inst/inst/grp_GOST_Crypt_Step_fu_217/GOST_Table_U/q1_reg[1]/D
                            (rising edge-triggered cell FDRE clocked by ap_clk  {rise@0.000ns fall@5.000ns period=10.000ns})
  Path Group:             ap_clk
  Path Type:              Setup (Max at Slow Process Corner)
  Requirement:            10.000ns  (ap_clk rise@10.000ns - ap_clk rise@0.000ns)
  Data Path Delay:        6.975ns  (logic 2.973ns (42.624%)  route 4.002ns (57.376%))
  Logic Levels:           12  (CARRY4=6 LUT3=1 LUT4=2 LUT5=2 LUT6=1)
  Clock Path Skew:        -0.049ns (DCD - SCD + CPR)
    Destination Clock Delay (DCD):    0.924ns = ( 10.924 - 10.000 ) 
    Source Clock Delay      (SCD):    0.973ns
    Clock Pessimism Removal (CPR):    0.000ns
  Clock Uncertainty:      0.035ns  ((TSJ^2 + TIJ^2)^1/2 + DJ) / 2 + PE
    Total System Jitter     (TSJ):    0.071ns
    Total Input Jitter      (TIJ):    0.000ns
    Discrete Jitter          (DJ):    0.000ns
    Phase Error              (PE):    0.000ns

    Location             Delay type                Incr(ns)  Path(ns)    Netlist Resource(s)
  -------------------------------------------------------------------    -------------------
                         (clock ap_clk rise edge)     0.000     0.000 r  
                                                      0.000     0.000 r  ap_clk (IN)
                         net (fo=614, unset)          0.973     0.973    bd_0_i/hls_inst/inst/ap_clk
                         FDRE                                         r  bd_0_i/hls_inst/inst/ap_CS_fsm_reg[77]/C
  -------------------------------------------------------------------    -------------------
                         FDRE (Prop_fdre_C_Q)         0.518     1.491 f  bd_0_i/hls_inst/inst/ap_CS_fsm_reg[77]/Q
                         net (fo=3, unplaced)         0.759     2.250    bd_0_i/hls_inst/inst/grp_GOST_Crypt_Step_fu_217/GOST_Table_U/Last_read_reg_658_reg[0][36]
                         LUT4 (Prop_lut4_I1_O)        0.319     2.569 f  bd_0_i/hls_inst/inst/grp_GOST_Crypt_Step_fu_217/GOST_Table_U/trunc_ln_reg_668[1]_i_6/O
                         net (fo=2, unplaced)         0.460     3.029    bd_0_i/hls_inst/inst/grp_GOST_Crypt_Step_fu_217/GOST_Table_U/trunc_ln_reg_668[1]_i_6_n_0
                         LUT5 (Prop_lut5_I4_O)        0.116     3.145 f  bd_0_i/hls_inst/inst/grp_GOST_Crypt_Step_fu_217/GOST_Table_U/trunc_ln_reg_668[31]_i_3/O
                         net (fo=1, unplaced)         1.111     4.256    bd_0_i/hls_inst/inst/grp_GOST_Crypt_Step_fu_217/GOST_Table_U/trunc_ln_reg_668[31]_i_3_n_0
                         LUT5 (Prop_lut5_I0_O)        0.124     4.380 r  bd_0_i/hls_inst/inst/grp_GOST_Crypt_Step_fu_217/GOST_Table_U/trunc_ln_reg_668[31]_i_2/O
                         net (fo=151, unplaced)       0.559     4.939    bd_0_i/hls_inst/inst/grp_GOST_Crypt_Step_fu_217/GOST_Table_U/ap_CS_fsm_reg[85]
                         LUT3 (Prop_lut3_I1_O)        0.124     5.063 r  bd_0_i/hls_inst/inst/grp_GOST_Crypt_Step_fu_217/GOST_Table_U/trunc_ln_reg_668[4]_i_1/O
                         net (fo=9, unplaced)         0.490     5.553    bd_0_i/hls_inst/inst/grp_GOST_Crypt_Step_fu_217/trunc_ln_fu_227_p4[4]
                         LUT6 (Prop_lut6_I0_O)        0.124     5.677 r  bd_0_i/hls_inst/inst/grp_GOST_Crypt_Step_fu_217/S_fu_279_p2_carry__0_i_6/O
                         net (fo=1, unplaced)         0.000     5.677    bd_0_i/hls_inst/inst/grp_GOST_Crypt_Step_fu_217/S_fu_279_p2_carry__0_i_6_n_0
                         CARRY4 (Prop_carry4_S[0]_CO[3])
                                                      0.513     6.190 r  bd_0_i/hls_inst/inst/grp_GOST_Crypt_Step_fu_217/S_fu_279_p2_carry__0/CO[3]
                         net (fo=1, unplaced)         0.000     6.190    bd_0_i/hls_inst/inst/grp_GOST_Crypt_Step_fu_217/S_fu_279_p2_carry__0_n_0
                         CARRY4 (Prop_carry4_CI_CO[3])
                                                      0.117     6.307 r  bd_0_i/hls_inst/inst/grp_GOST_Crypt_Step_fu_217/S_fu_279_p2_carry__1/CO[3]
                         net (fo=1, unplaced)         0.000     6.307    bd_0_i/hls_inst/inst/grp_GOST_Crypt_Step_fu_217/S_fu_279_p2_carry__1_n_0
                         CARRY4 (Prop_carry4_CI_CO[3])
                                                      0.117     6.424 r  bd_0_i/hls_inst/inst/grp_GOST_Crypt_Step_fu_217/S_fu_279_p2_carry__2/CO[3]
                         net (fo=1, unplaced)         0.000     6.424    bd_0_i/hls_inst/inst/grp_GOST_Crypt_Step_fu_217/S_fu_279_p2_carry__2_n_0
                         CARRY4 (Prop_carry4_CI_CO[3])
                                                      0.117     6.541 r  bd_0_i/hls_inst/inst/grp_GOST_Crypt_Step_fu_217/S_fu_279_p2_carry__3/CO[3]
                         net (fo=1, unplaced)         0.000     6.541    bd_0_i/hls_inst/inst/grp_GOST_Crypt_Step_fu_217/S_fu_279_p2_carry__3_n_0
                         CARRY4 (Prop_carry4_CI_CO[3])
                                                      0.117     6.658 r  bd_0_i/hls_inst/inst/grp_GOST_Crypt_Step_fu_217/S_fu_279_p2_carry__4/CO[3]
                         net (fo=1, unplaced)         0.000     6.658    bd_0_i/hls_inst/inst/grp_GOST_Crypt_Step_fu_217/S_fu_279_p2_carry__4_n_0
                         CARRY4 (Prop_carry4_CI_O[1])
                                                      0.337     6.995 r  bd_0_i/hls_inst/inst/grp_GOST_Crypt_Step_fu_217/S_fu_279_p2_carry__5/O[1]
                         net (fo=4, unplaced)         0.623     7.618    bd_0_i/hls_inst/inst/grp_GOST_Crypt_Step_fu_217/GOST_Table_U/S_fu_279_p2[1]
                         LUT4 (Prop_lut4_I1_O)        0.330     7.948 r  bd_0_i/hls_inst/inst/grp_GOST_Crypt_Step_fu_217/GOST_Table_U/g1_b1__0/O
                         net (fo=1, unplaced)         0.000     7.948    bd_0_i/hls_inst/inst/grp_GOST_Crypt_Step_fu_217/GOST_Table_U/g1_b1__0_n_0
                         FDRE                                         r  bd_0_i/hls_inst/inst/grp_GOST_Crypt_Step_fu_217/GOST_Table_U/q1_reg[1]/D
  -------------------------------------------------------------------    -------------------

                         (clock ap_clk rise edge)    10.000    10.000 r  
                                                      0.000    10.000 r  ap_clk (IN)
                         net (fo=614, unset)          0.924    10.924    bd_0_i/hls_inst/inst/grp_GOST_Crypt_Step_fu_217/GOST_Table_U/ap_clk
                         FDRE                                         r  bd_0_i/hls_inst/inst/grp_GOST_Crypt_Step_fu_217/GOST_Table_U/q1_reg[1]/C
                         clock pessimism              0.000    10.924    
                         clock uncertainty           -0.035    10.889    
                         FDRE (Setup_fdre_C_D)        0.077    10.966    bd_0_i/hls_inst/inst/grp_GOST_Crypt_Step_fu_217/GOST_Table_U/q1_reg[1]
  -------------------------------------------------------------------
                         required time                         10.966    
                         arrival time                          -7.948    
  -------------------------------------------------------------------
                         slack                                  3.018    

Slack (MET) :             3.018ns  (required time - arrival time)
  Source:                 bd_0_i/hls_inst/inst/ap_CS_fsm_reg[77]/C
                            (rising edge-triggered cell FDRE clocked by ap_clk  {rise@0.000ns fall@5.000ns period=10.000ns})
  Destination:            bd_0_i/hls_inst/inst/grp_GOST_Crypt_Step_fu_217/GOST_Table_U/q1_reg[3]/D
                            (rising edge-triggered cell FDRE clocked by ap_clk  {rise@0.000ns fall@5.000ns period=10.000ns})
  Path Group:             ap_clk
  Path Type:              Setup (Max at Slow Process Corner)
  Requirement:            10.000ns  (ap_clk rise@10.000ns - ap_clk rise@0.000ns)
  Data Path Delay:        6.975ns  (logic 2.973ns (42.624%)  route 4.002ns (57.376%))
  Logic Levels:           12  (CARRY4=6 LUT3=1 LUT4=2 LUT5=2 LUT6=1)
  Clock Path Skew:        -0.049ns (DCD - SCD + CPR)
    Destination Clock Delay (DCD):    0.924ns = ( 10.924 - 10.000 ) 
    Source Clock Delay      (SCD):    0.973ns
    Clock Pessimism Removal (CPR):    0.000ns
  Clock Uncertainty:      0.035ns  ((TSJ^2 + TIJ^2)^1/2 + DJ) / 2 + PE
    Total System Jitter     (TSJ):    0.071ns
    Total Input Jitter      (TIJ):    0.000ns
    Discrete Jitter          (DJ):    0.000ns
    Phase Error              (PE):    0.000ns

    Location             Delay type                Incr(ns)  Path(ns)    Netlist Resource(s)
  -------------------------------------------------------------------    -------------------
                         (clock ap_clk rise edge)     0.000     0.000 r  
                                                      0.000     0.000 r  ap_clk (IN)
                         net (fo=614, unset)          0.973     0.973    bd_0_i/hls_inst/inst/ap_clk
                         FDRE                                         r  bd_0_i/hls_inst/inst/ap_CS_fsm_reg[77]/C
  -------------------------------------------------------------------    -------------------
                         FDRE (Prop_fdre_C_Q)         0.518     1.491 f  bd_0_i/hls_inst/inst/ap_CS_fsm_reg[77]/Q
                         net (fo=3, unplaced)         0.759     2.250    bd_0_i/hls_inst/inst/grp_GOST_Crypt_Step_fu_217/GOST_Table_U/Last_read_reg_658_reg[0][36]
                         LUT4 (Prop_lut4_I1_O)        0.319     2.569 f  bd_0_i/hls_inst/inst/grp_GOST_Crypt_Step_fu_217/GOST_Table_U/trunc_ln_reg_668[1]_i_6/O
                         net (fo=2, unplaced)         0.460     3.029    bd_0_i/hls_inst/inst/grp_GOST_Crypt_Step_fu_217/GOST_Table_U/trunc_ln_reg_668[1]_i_6_n_0
                         LUT5 (Prop_lut5_I4_O)        0.116     3.145 f  bd_0_i/hls_inst/inst/grp_GOST_Crypt_Step_fu_217/GOST_Table_U/trunc_ln_reg_668[31]_i_3/O
                         net (fo=1, unplaced)         1.111     4.256    bd_0_i/hls_inst/inst/grp_GOST_Crypt_Step_fu_217/GOST_Table_U/trunc_ln_reg_668[31]_i_3_n_0
                         LUT5 (Prop_lut5_I0_O)        0.124     4.380 r  bd_0_i/hls_inst/inst/grp_GOST_Crypt_Step_fu_217/GOST_Table_U/trunc_ln_reg_668[31]_i_2/O
                         net (fo=151, unplaced)       0.559     4.939    bd_0_i/hls_inst/inst/grp_GOST_Crypt_Step_fu_217/GOST_Table_U/ap_CS_fsm_reg[85]
                         LUT3 (Prop_lut3_I1_O)        0.124     5.063 r  bd_0_i/hls_inst/inst/grp_GOST_Crypt_Step_fu_217/GOST_Table_U/trunc_ln_reg_668[4]_i_1/O
                         net (fo=9, unplaced)         0.490     5.553    bd_0_i/hls_inst/inst/grp_GOST_Crypt_Step_fu_217/trunc_ln_fu_227_p4[4]
                         LUT6 (Prop_lut6_I0_O)        0.124     5.677 r  bd_0_i/hls_inst/inst/grp_GOST_Crypt_Step_fu_217/S_fu_279_p2_carry__0_i_6/O
                         net (fo=1, unplaced)         0.000     5.677    bd_0_i/hls_inst/inst/grp_GOST_Crypt_Step_fu_217/S_fu_279_p2_carry__0_i_6_n_0
                         CARRY4 (Prop_carry4_S[0]_CO[3])
                                                      0.513     6.190 r  bd_0_i/hls_inst/inst/grp_GOST_Crypt_Step_fu_217/S_fu_279_p2_carry__0/CO[3]
                         net (fo=1, unplaced)         0.000     6.190    bd_0_i/hls_inst/inst/grp_GOST_Crypt_Step_fu_217/S_fu_279_p2_carry__0_n_0
                         CARRY4 (Prop_carry4_CI_CO[3])
                                                      0.117     6.307 r  bd_0_i/hls_inst/inst/grp_GOST_Crypt_Step_fu_217/S_fu_279_p2_carry__1/CO[3]
                         net (fo=1, unplaced)         0.000     6.307    bd_0_i/hls_inst/inst/grp_GOST_Crypt_Step_fu_217/S_fu_279_p2_carry__1_n_0
                         CARRY4 (Prop_carry4_CI_CO[3])
                                                      0.117     6.424 r  bd_0_i/hls_inst/inst/grp_GOST_Crypt_Step_fu_217/S_fu_279_p2_carry__2/CO[3]
                         net (fo=1, unplaced)         0.000     6.424    bd_0_i/hls_inst/inst/grp_GOST_Crypt_Step_fu_217/S_fu_279_p2_carry__2_n_0
                         CARRY4 (Prop_carry4_CI_CO[3])
                                                      0.117     6.541 r  bd_0_i/hls_inst/inst/grp_GOST_Crypt_Step_fu_217/S_fu_279_p2_carry__3/CO[3]
                         net (fo=1, unplaced)         0.000     6.541    bd_0_i/hls_inst/inst/grp_GOST_Crypt_Step_fu_217/S_fu_279_p2_carry__3_n_0
                         CARRY4 (Prop_carry4_CI_CO[3])
                                                      0.117     6.658 r  bd_0_i/hls_inst/inst/grp_GOST_Crypt_Step_fu_217/S_fu_279_p2_carry__4/CO[3]
                         net (fo=1, unplaced)         0.000     6.658    bd_0_i/hls_inst/inst/grp_GOST_Crypt_Step_fu_217/S_fu_279_p2_carry__4_n_0
                         CARRY4 (Prop_carry4_CI_O[1])
                                                      0.337     6.995 r  bd_0_i/hls_inst/inst/grp_GOST_Crypt_Step_fu_217/S_fu_279_p2_carry__5/O[1]
                         net (fo=4, unplaced)         0.623     7.618    bd_0_i/hls_inst/inst/grp_GOST_Crypt_Step_fu_217/GOST_Table_U/S_fu_279_p2[1]
                         LUT4 (Prop_lut4_I1_O)        0.330     7.948 r  bd_0_i/hls_inst/inst/grp_GOST_Crypt_Step_fu_217/GOST_Table_U/g1_b3__0/O
                         net (fo=1, unplaced)         0.000     7.948    bd_0_i/hls_inst/inst/grp_GOST_Crypt_Step_fu_217/GOST_Table_U/g1_b3__0_n_0
                         FDRE                                         r  bd_0_i/hls_inst/inst/grp_GOST_Crypt_Step_fu_217/GOST_Table_U/q1_reg[3]/D
  -------------------------------------------------------------------    -------------------

                         (clock ap_clk rise edge)    10.000    10.000 r  
                                                      0.000    10.000 r  ap_clk (IN)
                         net (fo=614, unset)          0.924    10.924    bd_0_i/hls_inst/inst/grp_GOST_Crypt_Step_fu_217/GOST_Table_U/ap_clk
                         FDRE                                         r  bd_0_i/hls_inst/inst/grp_GOST_Crypt_Step_fu_217/GOST_Table_U/q1_reg[3]/C
                         clock pessimism              0.000    10.924    
                         clock uncertainty           -0.035    10.889    
                         FDRE (Setup_fdre_C_D)        0.077    10.966    bd_0_i/hls_inst/inst/grp_GOST_Crypt_Step_fu_217/GOST_Table_U/q1_reg[3]
  -------------------------------------------------------------------
                         required time                         10.966    
                         arrival time                          -7.948    
  -------------------------------------------------------------------
                         slack                                  3.018    

Slack (MET) :             3.028ns  (required time - arrival time)
  Source:                 bd_0_i/hls_inst/inst/ap_CS_fsm_reg[77]/C
                            (rising edge-triggered cell FDRE clocked by ap_clk  {rise@0.000ns fall@5.000ns period=10.000ns})
  Destination:            bd_0_i/hls_inst/inst/grp_GOST_Crypt_Step_fu_217/GOST_Table_U/q1_reg[0]/D
                            (rising edge-triggered cell FDRE clocked by ap_clk  {rise@0.000ns fall@5.000ns period=10.000ns})
  Path Group:             ap_clk
  Path Type:              Setup (Max at Slow Process Corner)
  Requirement:            10.000ns  (ap_clk rise@10.000ns - ap_clk rise@0.000ns)
  Data Path Delay:        6.965ns  (logic 2.944ns (42.268%)  route 4.021ns (57.732%))
  Logic Levels:           12  (CARRY4=6 LUT3=1 LUT4=2 LUT5=2 LUT6=1)
  Clock Path Skew:        -0.049ns (DCD - SCD + CPR)
    Destination Clock Delay (DCD):    0.924ns = ( 10.924 - 10.000 ) 
    Source Clock Delay      (SCD):    0.973ns
    Clock Pessimism Removal (CPR):    0.000ns
  Clock Uncertainty:      0.035ns  ((TSJ^2 + TIJ^2)^1/2 + DJ) / 2 + PE
    Total System Jitter     (TSJ):    0.071ns
    Total Input Jitter      (TIJ):    0.000ns
    Discrete Jitter          (DJ):    0.000ns
    Phase Error              (PE):    0.000ns

    Location             Delay type                Incr(ns)  Path(ns)    Netlist Resource(s)
  -------------------------------------------------------------------    -------------------
                         (clock ap_clk rise edge)     0.000     0.000 r  
                                                      0.000     0.000 r  ap_clk (IN)
                         net (fo=614, unset)          0.973     0.973    bd_0_i/hls_inst/inst/ap_clk
                         FDRE                                         r  bd_0_i/hls_inst/inst/ap_CS_fsm_reg[77]/C
  -------------------------------------------------------------------    -------------------
                         FDRE (Prop_fdre_C_Q)         0.518     1.491 f  bd_0_i/hls_inst/inst/ap_CS_fsm_reg[77]/Q
                         net (fo=3, unplaced)         0.759     2.250    bd_0_i/hls_inst/inst/grp_GOST_Crypt_Step_fu_217/GOST_Table_U/Last_read_reg_658_reg[0][36]
                         LUT4 (Prop_lut4_I1_O)        0.319     2.569 f  bd_0_i/hls_inst/inst/grp_GOST_Crypt_Step_fu_217/GOST_Table_U/trunc_ln_reg_668[1]_i_6/O
                         net (fo=2, unplaced)         0.460     3.029    bd_0_i/hls_inst/inst/grp_GOST_Crypt_Step_fu_217/GOST_Table_U/trunc_ln_reg_668[1]_i_6_n_0
                         LUT5 (Prop_lut5_I4_O)        0.116     3.145 f  bd_0_i/hls_inst/inst/grp_GOST_Crypt_Step_fu_217/GOST_Table_U/trunc_ln_reg_668[31]_i_3/O
                         net (fo=1, unplaced)         1.111     4.256    bd_0_i/hls_inst/inst/grp_GOST_Crypt_Step_fu_217/GOST_Table_U/trunc_ln_reg_668[31]_i_3_n_0
                         LUT5 (Prop_lut5_I0_O)        0.124     4.380 r  bd_0_i/hls_inst/inst/grp_GOST_Crypt_Step_fu_217/GOST_Table_U/trunc_ln_reg_668[31]_i_2/O
                         net (fo=151, unplaced)       0.559     4.939    bd_0_i/hls_inst/inst/grp_GOST_Crypt_Step_fu_217/GOST_Table_U/ap_CS_fsm_reg[85]
                         LUT3 (Prop_lut3_I1_O)        0.124     5.063 r  bd_0_i/hls_inst/inst/grp_GOST_Crypt_Step_fu_217/GOST_Table_U/trunc_ln_reg_668[4]_i_1/O
                         net (fo=9, unplaced)         0.490     5.553    bd_0_i/hls_inst/inst/grp_GOST_Crypt_Step_fu_217/trunc_ln_fu_227_p4[4]
                         LUT6 (Prop_lut6_I0_O)        0.124     5.677 r  bd_0_i/hls_inst/inst/grp_GOST_Crypt_Step_fu_217/S_fu_279_p2_carry__0_i_6/O
                         net (fo=1, unplaced)         0.000     5.677    bd_0_i/hls_inst/inst/grp_GOST_Crypt_Step_fu_217/S_fu_279_p2_carry__0_i_6_n_0
                         CARRY4 (Prop_carry4_S[0]_CO[3])
                                                      0.513     6.190 r  bd_0_i/hls_inst/inst/grp_GOST_Crypt_Step_fu_217/S_fu_279_p2_carry__0/CO[3]
                         net (fo=1, unplaced)         0.000     6.190    bd_0_i/hls_inst/inst/grp_GOST_Crypt_Step_fu_217/S_fu_279_p2_carry__0_n_0
                         CARRY4 (Prop_carry4_CI_CO[3])
                                                      0.117     6.307 r  bd_0_i/hls_inst/inst/grp_GOST_Crypt_Step_fu_217/S_fu_279_p2_carry__1/CO[3]
                         net (fo=1, unplaced)         0.000     6.307    bd_0_i/hls_inst/inst/grp_GOST_Crypt_Step_fu_217/S_fu_279_p2_carry__1_n_0
                         CARRY4 (Prop_carry4_CI_CO[3])
                                                      0.117     6.424 r  bd_0_i/hls_inst/inst/grp_GOST_Crypt_Step_fu_217/S_fu_279_p2_carry__2/CO[3]
                         net (fo=1, unplaced)         0.000     6.424    bd_0_i/hls_inst/inst/grp_GOST_Crypt_Step_fu_217/S_fu_279_p2_carry__2_n_0
                         CARRY4 (Prop_carry4_CI_CO[3])
                                                      0.117     6.541 r  bd_0_i/hls_inst/inst/grp_GOST_Crypt_Step_fu_217/S_fu_279_p2_carry__3/CO[3]
                         net (fo=1, unplaced)         0.000     6.541    bd_0_i/hls_inst/inst/grp_GOST_Crypt_Step_fu_217/S_fu_279_p2_carry__3_n_0
                         CARRY4 (Prop_carry4_CI_CO[3])
                                                      0.117     6.658 r  bd_0_i/hls_inst/inst/grp_GOST_Crypt_Step_fu_217/S_fu_279_p2_carry__4/CO[3]
                         net (fo=1, unplaced)         0.000     6.658    bd_0_i/hls_inst/inst/grp_GOST_Crypt_Step_fu_217/S_fu_279_p2_carry__4_n_0
                         CARRY4 (Prop_carry4_CI_O[3])
                                                      0.331     6.989 r  bd_0_i/hls_inst/inst/grp_GOST_Crypt_Step_fu_217/S_fu_279_p2_carry__5/O[3]
                         net (fo=4, unplaced)         0.642     7.631    bd_0_i/hls_inst/inst/grp_GOST_Crypt_Step_fu_217/GOST_Table_U/S_fu_279_p2[3]
                         LUT4 (Prop_lut4_I3_O)        0.307     7.938 r  bd_0_i/hls_inst/inst/grp_GOST_Crypt_Step_fu_217/GOST_Table_U/g1_b0__0/O
                         net (fo=1, unplaced)         0.000     7.938    bd_0_i/hls_inst/inst/grp_GOST_Crypt_Step_fu_217/GOST_Table_U/g1_b0__0_n_0
                         FDRE                                         r  bd_0_i/hls_inst/inst/grp_GOST_Crypt_Step_fu_217/GOST_Table_U/q1_reg[0]/D
  -------------------------------------------------------------------    -------------------

                         (clock ap_clk rise edge)    10.000    10.000 r  
                                                      0.000    10.000 r  ap_clk (IN)
                         net (fo=614, unset)          0.924    10.924    bd_0_i/hls_inst/inst/grp_GOST_Crypt_Step_fu_217/GOST_Table_U/ap_clk
                         FDRE                                         r  bd_0_i/hls_inst/inst/grp_GOST_Crypt_Step_fu_217/GOST_Table_U/q1_reg[0]/C
                         clock pessimism              0.000    10.924    
                         clock uncertainty           -0.035    10.889    
                         FDRE (Setup_fdre_C_D)        0.077    10.966    bd_0_i/hls_inst/inst/grp_GOST_Crypt_Step_fu_217/GOST_Table_U/q1_reg[0]
  -------------------------------------------------------------------
                         required time                         10.966    
                         arrival time                          -7.938    
  -------------------------------------------------------------------
                         slack                                  3.028    

Slack (MET) :             3.028ns  (required time - arrival time)
  Source:                 bd_0_i/hls_inst/inst/ap_CS_fsm_reg[77]/C
                            (rising edge-triggered cell FDRE clocked by ap_clk  {rise@0.000ns fall@5.000ns period=10.000ns})
  Destination:            bd_0_i/hls_inst/inst/grp_GOST_Crypt_Step_fu_217/GOST_Table_U/q1_reg[2]/D
                            (rising edge-triggered cell FDRE clocked by ap_clk  {rise@0.000ns fall@5.000ns period=10.000ns})
  Path Group:             ap_clk
  Path Type:              Setup (Max at Slow Process Corner)
  Requirement:            10.000ns  (ap_clk rise@10.000ns - ap_clk rise@0.000ns)
  Data Path Delay:        6.965ns  (logic 2.944ns (42.268%)  route 4.021ns (57.732%))
  Logic Levels:           12  (CARRY4=6 LUT3=1 LUT4=2 LUT5=2 LUT6=1)
  Clock Path Skew:        -0.049ns (DCD - SCD + CPR)
    Destination Clock Delay (DCD):    0.924ns = ( 10.924 - 10.000 ) 
    Source Clock Delay      (SCD):    0.973ns
    Clock Pessimism Removal (CPR):    0.000ns
  Clock Uncertainty:      0.035ns  ((TSJ^2 + TIJ^2)^1/2 + DJ) / 2 + PE
    Total System Jitter     (TSJ):    0.071ns
    Total Input Jitter      (TIJ):    0.000ns
    Discrete Jitter          (DJ):    0.000ns
    Phase Error              (PE):    0.000ns

    Location             Delay type                Incr(ns)  Path(ns)    Netlist Resource(s)
  -------------------------------------------------------------------    -------------------
                         (clock ap_clk rise edge)     0.000     0.000 r  
                                                      0.000     0.000 r  ap_clk (IN)
                         net (fo=614, unset)          0.973     0.973    bd_0_i/hls_inst/inst/ap_clk
                         FDRE                                         r  bd_0_i/hls_inst/inst/ap_CS_fsm_reg[77]/C
  -------------------------------------------------------------------    -------------------
                         FDRE (Prop_fdre_C_Q)         0.518     1.491 f  bd_0_i/hls_inst/inst/ap_CS_fsm_reg[77]/Q
                         net (fo=3, unplaced)         0.759     2.250    bd_0_i/hls_inst/inst/grp_GOST_Crypt_Step_fu_217/GOST_Table_U/Last_read_reg_658_reg[0][36]
                         LUT4 (Prop_lut4_I1_O)        0.319     2.569 f  bd_0_i/hls_inst/inst/grp_GOST_Crypt_Step_fu_217/GOST_Table_U/trunc_ln_reg_668[1]_i_6/O
                         net (fo=2, unplaced)         0.460     3.029    bd_0_i/hls_inst/inst/grp_GOST_Crypt_Step_fu_217/GOST_Table_U/trunc_ln_reg_668[1]_i_6_n_0
                         LUT5 (Prop_lut5_I4_O)        0.116     3.145 f  bd_0_i/hls_inst/inst/grp_GOST_Crypt_Step_fu_217/GOST_Table_U/trunc_ln_reg_668[31]_i_3/O
                         net (fo=1, unplaced)         1.111     4.256    bd_0_i/hls_inst/inst/grp_GOST_Crypt_Step_fu_217/GOST_Table_U/trunc_ln_reg_668[31]_i_3_n_0
                         LUT5 (Prop_lut5_I0_O)        0.124     4.380 r  bd_0_i/hls_inst/inst/grp_GOST_Crypt_Step_fu_217/GOST_Table_U/trunc_ln_reg_668[31]_i_2/O
                         net (fo=151, unplaced)       0.559     4.939    bd_0_i/hls_inst/inst/grp_GOST_Crypt_Step_fu_217/GOST_Table_U/ap_CS_fsm_reg[85]
                         LUT3 (Prop_lut3_I1_O)        0.124     5.063 r  bd_0_i/hls_inst/inst/grp_GOST_Crypt_Step_fu_217/GOST_Table_U/trunc_ln_reg_668[4]_i_1/O
                         net (fo=9, unplaced)         0.490     5.553    bd_0_i/hls_inst/inst/grp_GOST_Crypt_Step_fu_217/trunc_ln_fu_227_p4[4]
                         LUT6 (Prop_lut6_I0_O)        0.124     5.677 r  bd_0_i/hls_inst/inst/grp_GOST_Crypt_Step_fu_217/S_fu_279_p2_carry__0_i_6/O
                         net (fo=1, unplaced)         0.000     5.677    bd_0_i/hls_inst/inst/grp_GOST_Crypt_Step_fu_217/S_fu_279_p2_carry__0_i_6_n_0
                         CARRY4 (Prop_carry4_S[0]_CO[3])
                                                      0.513     6.190 r  bd_0_i/hls_inst/inst/grp_GOST_Crypt_Step_fu_217/S_fu_279_p2_carry__0/CO[3]
                         net (fo=1, unplaced)         0.000     6.190    bd_0_i/hls_inst/inst/grp_GOST_Crypt_Step_fu_217/S_fu_279_p2_carry__0_n_0
                         CARRY4 (Prop_carry4_CI_CO[3])
                                                      0.117     6.307 r  bd_0_i/hls_inst/inst/grp_GOST_Crypt_Step_fu_217/S_fu_279_p2_carry__1/CO[3]
                         net (fo=1, unplaced)         0.000     6.307    bd_0_i/hls_inst/inst/grp_GOST_Crypt_Step_fu_217/S_fu_279_p2_carry__1_n_0
                         CARRY4 (Prop_carry4_CI_CO[3])
                                                      0.117     6.424 r  bd_0_i/hls_inst/inst/grp_GOST_Crypt_Step_fu_217/S_fu_279_p2_carry__2/CO[3]
                         net (fo=1, unplaced)         0.000     6.424    bd_0_i/hls_inst/inst/grp_GOST_Crypt_Step_fu_217/S_fu_279_p2_carry__2_n_0
                         CARRY4 (Prop_carry4_CI_CO[3])
                                                      0.117     6.541 r  bd_0_i/hls_inst/inst/grp_GOST_Crypt_Step_fu_217/S_fu_279_p2_carry__3/CO[3]
                         net (fo=1, unplaced)         0.000     6.541    bd_0_i/hls_inst/inst/grp_GOST_Crypt_Step_fu_217/S_fu_279_p2_carry__3_n_0
                         CARRY4 (Prop_carry4_CI_CO[3])
                                                      0.117     6.658 r  bd_0_i/hls_inst/inst/grp_GOST_Crypt_Step_fu_217/S_fu_279_p2_carry__4/CO[3]
                         net (fo=1, unplaced)         0.000     6.658    bd_0_i/hls_inst/inst/grp_GOST_Crypt_Step_fu_217/S_fu_279_p2_carry__4_n_0
                         CARRY4 (Prop_carry4_CI_O[3])
                                                      0.331     6.989 r  bd_0_i/hls_inst/inst/grp_GOST_Crypt_Step_fu_217/S_fu_279_p2_carry__5/O[3]
                         net (fo=4, unplaced)         0.642     7.631    bd_0_i/hls_inst/inst/grp_GOST_Crypt_Step_fu_217/GOST_Table_U/S_fu_279_p2[3]
                         LUT4 (Prop_lut4_I3_O)        0.307     7.938 r  bd_0_i/hls_inst/inst/grp_GOST_Crypt_Step_fu_217/GOST_Table_U/g1_b2__0/O
                         net (fo=1, unplaced)         0.000     7.938    bd_0_i/hls_inst/inst/grp_GOST_Crypt_Step_fu_217/GOST_Table_U/g1_b2__0_n_0
                         FDRE                                         r  bd_0_i/hls_inst/inst/grp_GOST_Crypt_Step_fu_217/GOST_Table_U/q1_reg[2]/D
  -------------------------------------------------------------------    -------------------

                         (clock ap_clk rise edge)    10.000    10.000 r  
                                                      0.000    10.000 r  ap_clk (IN)
                         net (fo=614, unset)          0.924    10.924    bd_0_i/hls_inst/inst/grp_GOST_Crypt_Step_fu_217/GOST_Table_U/ap_clk
                         FDRE                                         r  bd_0_i/hls_inst/inst/grp_GOST_Crypt_Step_fu_217/GOST_Table_U/q1_reg[2]/C
                         clock pessimism              0.000    10.924    
                         clock uncertainty           -0.035    10.889    
                         FDRE (Setup_fdre_C_D)        0.077    10.966    bd_0_i/hls_inst/inst/grp_GOST_Crypt_Step_fu_217/GOST_Table_U/q1_reg[2]
  -------------------------------------------------------------------
                         required time                         10.966    
                         arrival time                          -7.938    
  -------------------------------------------------------------------
                         slack                                  3.028    

Slack (MET) :             3.135ns  (required time - arrival time)
  Source:                 bd_0_i/hls_inst/inst/ap_CS_fsm_reg[77]/C
                            (rising edge-triggered cell FDRE clocked by ap_clk  {rise@0.000ns fall@5.000ns period=10.000ns})
  Destination:            bd_0_i/hls_inst/inst/grp_GOST_Crypt_Step_fu_217/GOST_Table_U/q2_reg[2]/D
                            (rising edge-triggered cell FDRE clocked by ap_clk  {rise@0.000ns fall@5.000ns period=10.000ns})
  Path Group:             ap_clk
  Path Type:              Setup (Max at Slow Process Corner)
  Requirement:            10.000ns  (ap_clk rise@10.000ns - ap_clk rise@0.000ns)
  Data Path Delay:        6.858ns  (logic 2.856ns (41.645%)  route 4.002ns (58.355%))
  Logic Levels:           11  (CARRY4=5 LUT3=1 LUT4=2 LUT5=2 LUT6=1)
  Clock Path Skew:        -0.049ns (DCD - SCD + CPR)
    Destination Clock Delay (DCD):    0.924ns = ( 10.924 - 10.000 ) 
    Source Clock Delay      (SCD):    0.973ns
    Clock Pessimism Removal (CPR):    0.000ns
  Clock Uncertainty:      0.035ns  ((TSJ^2 + TIJ^2)^1/2 + DJ) / 2 + PE
    Total System Jitter     (TSJ):    0.071ns
    Total Input Jitter      (TIJ):    0.000ns
    Discrete Jitter          (DJ):    0.000ns
    Phase Error              (PE):    0.000ns

    Location             Delay type                Incr(ns)  Path(ns)    Netlist Resource(s)
  -------------------------------------------------------------------    -------------------
                         (clock ap_clk rise edge)     0.000     0.000 r  
                                                      0.000     0.000 r  ap_clk (IN)
                         net (fo=614, unset)          0.973     0.973    bd_0_i/hls_inst/inst/ap_clk
                         FDRE                                         r  bd_0_i/hls_inst/inst/ap_CS_fsm_reg[77]/C
  -------------------------------------------------------------------    -------------------
                         FDRE (Prop_fdre_C_Q)         0.518     1.491 f  bd_0_i/hls_inst/inst/ap_CS_fsm_reg[77]/Q
                         net (fo=3, unplaced)         0.759     2.250    bd_0_i/hls_inst/inst/grp_GOST_Crypt_Step_fu_217/GOST_Table_U/Last_read_reg_658_reg[0][36]
                         LUT4 (Prop_lut4_I1_O)        0.319     2.569 f  bd_0_i/hls_inst/inst/grp_GOST_Crypt_Step_fu_217/GOST_Table_U/trunc_ln_reg_668[1]_i_6/O
                         net (fo=2, unplaced)         0.460     3.029    bd_0_i/hls_inst/inst/grp_GOST_Crypt_Step_fu_217/GOST_Table_U/trunc_ln_reg_668[1]_i_6_n_0
                         LUT5 (Prop_lut5_I4_O)        0.116     3.145 f  bd_0_i/hls_inst/inst/grp_GOST_Crypt_Step_fu_217/GOST_Table_U/trunc_ln_reg_668[31]_i_3/O
                         net (fo=1, unplaced)         1.111     4.256    bd_0_i/hls_inst/inst/grp_GOST_Crypt_Step_fu_217/GOST_Table_U/trunc_ln_reg_668[31]_i_3_n_0
                         LUT5 (Prop_lut5_I0_O)        0.124     4.380 r  bd_0_i/hls_inst/inst/grp_GOST_Crypt_Step_fu_217/GOST_Table_U/trunc_ln_reg_668[31]_i_2/O
                         net (fo=151, unplaced)       0.559     4.939    bd_0_i/hls_inst/inst/grp_GOST_Crypt_Step_fu_217/GOST_Table_U/ap_CS_fsm_reg[85]
                         LUT3 (Prop_lut3_I1_O)        0.124     5.063 r  bd_0_i/hls_inst/inst/grp_GOST_Crypt_Step_fu_217/GOST_Table_U/trunc_ln_reg_668[4]_i_1/O
                         net (fo=9, unplaced)         0.490     5.553    bd_0_i/hls_inst/inst/grp_GOST_Crypt_Step_fu_217/GOST_Table_U/trunc_ln_fu_227_p4[2]
                         LUT6 (Prop_lut6_I0_O)        0.124     5.677 r  bd_0_i/hls_inst/inst/grp_GOST_Crypt_Step_fu_217/GOST_Table_U/g1_b3__2_i_26/O
                         net (fo=1, unplaced)         0.000     5.677    bd_0_i/hls_inst/inst/grp_GOST_Crypt_Step_fu_217/GOST_Table_U/g1_b3__2_i_26_n_0
                         CARRY4 (Prop_carry4_S[0]_CO[3])
                                                      0.513     6.190 r  bd_0_i/hls_inst/inst/grp_GOST_Crypt_Step_fu_217/GOST_Table_U/g1_b3__2_i_15/CO[3]
                         net (fo=1, unplaced)         0.000     6.190    bd_0_i/hls_inst/inst/grp_GOST_Crypt_Step_fu_217/GOST_Table_U/g1_b3__2_i_15_n_0
                         CARRY4 (Prop_carry4_CI_CO[3])
                                                      0.117     6.307 r  bd_0_i/hls_inst/inst/grp_GOST_Crypt_Step_fu_217/GOST_Table_U/g1_b3__2_i_9/CO[3]
                         net (fo=1, unplaced)         0.000     6.307    bd_0_i/hls_inst/inst/grp_GOST_Crypt_Step_fu_217/GOST_Table_U/g1_b3__2_i_9_n_0
                         CARRY4 (Prop_carry4_CI_CO[3])
                                                      0.117     6.424 r  bd_0_i/hls_inst/inst/grp_GOST_Crypt_Step_fu_217/GOST_Table_U/g1_b3__2_i_2/CO[3]
                         net (fo=1, unplaced)         0.000     6.424    bd_0_i/hls_inst/inst/grp_GOST_Crypt_Step_fu_217/GOST_Table_U/g1_b3__2_i_2_n_0
                         CARRY4 (Prop_carry4_CI_CO[3])
                                                      0.117     6.541 r  bd_0_i/hls_inst/inst/grp_GOST_Crypt_Step_fu_217/GOST_Table_U/g1_b3__2_i_1/CO[3]
                         net (fo=1, unplaced)         0.000     6.541    bd_0_i/hls_inst/inst/grp_GOST_Crypt_Step_fu_217/GOST_Table_U/g1_b3__2_i_1_n_0
                         CARRY4 (Prop_carry4_CI_O[1])
                                                      0.337     6.878 r  bd_0_i/hls_inst/inst/grp_GOST_Crypt_Step_fu_217/GOST_Table_U/g1_b0_i_1/O[1]
                         net (fo=4, unplaced)         0.623     7.501    bd_0_i/hls_inst/inst/grp_GOST_Crypt_Step_fu_217/GOST_Table_U/add_ln44_fu_285_p2[21]
                         LUT4 (Prop_lut4_I1_O)        0.330     7.831 r  bd_0_i/hls_inst/inst/grp_GOST_Crypt_Step_fu_217/GOST_Table_U/g1_b2/O
                         net (fo=1, unplaced)         0.000     7.831    bd_0_i/hls_inst/inst/grp_GOST_Crypt_Step_fu_217/GOST_Table_U/g1_b2_n_0
                         FDRE                                         r  bd_0_i/hls_inst/inst/grp_GOST_Crypt_Step_fu_217/GOST_Table_U/q2_reg[2]/D
  -------------------------------------------------------------------    -------------------

                         (clock ap_clk rise edge)    10.000    10.000 r  
                                                      0.000    10.000 r  ap_clk (IN)
                         net (fo=614, unset)          0.924    10.924    bd_0_i/hls_inst/inst/grp_GOST_Crypt_Step_fu_217/GOST_Table_U/ap_clk
                         FDRE                                         r  bd_0_i/hls_inst/inst/grp_GOST_Crypt_Step_fu_217/GOST_Table_U/q2_reg[2]/C
                         clock pessimism              0.000    10.924    
                         clock uncertainty           -0.035    10.889    
                         FDRE (Setup_fdre_C_D)        0.077    10.966    bd_0_i/hls_inst/inst/grp_GOST_Crypt_Step_fu_217/GOST_Table_U/q2_reg[2]
  -------------------------------------------------------------------
                         required time                         10.966    
                         arrival time                          -7.831    
  -------------------------------------------------------------------
                         slack                                  3.135    

Slack (MET) :             3.135ns  (required time - arrival time)
  Source:                 bd_0_i/hls_inst/inst/ap_CS_fsm_reg[77]/C
                            (rising edge-triggered cell FDRE clocked by ap_clk  {rise@0.000ns fall@5.000ns period=10.000ns})
  Destination:            bd_0_i/hls_inst/inst/grp_GOST_Crypt_Step_fu_217/GOST_Table_U/q2_reg[3]/D
                            (rising edge-triggered cell FDRE clocked by ap_clk  {rise@0.000ns fall@5.000ns period=10.000ns})
  Path Group:             ap_clk
  Path Type:              Setup (Max at Slow Process Corner)
  Requirement:            10.000ns  (ap_clk rise@10.000ns - ap_clk rise@0.000ns)
  Data Path Delay:        6.858ns  (logic 2.856ns (41.645%)  route 4.002ns (58.355%))
  Logic Levels:           11  (CARRY4=5 LUT3=1 LUT4=2 LUT5=2 LUT6=1)
  Clock Path Skew:        -0.049ns (DCD - SCD + CPR)
    Destination Clock Delay (DCD):    0.924ns = ( 10.924 - 10.000 ) 
    Source Clock Delay      (SCD):    0.973ns
    Clock Pessimism Removal (CPR):    0.000ns
  Clock Uncertainty:      0.035ns  ((TSJ^2 + TIJ^2)^1/2 + DJ) / 2 + PE
    Total System Jitter     (TSJ):    0.071ns
    Total Input Jitter      (TIJ):    0.000ns
    Discrete Jitter          (DJ):    0.000ns
    Phase Error              (PE):    0.000ns

    Location             Delay type                Incr(ns)  Path(ns)    Netlist Resource(s)
  -------------------------------------------------------------------    -------------------
                         (clock ap_clk rise edge)     0.000     0.000 r  
                                                      0.000     0.000 r  ap_clk (IN)
                         net (fo=614, unset)          0.973     0.973    bd_0_i/hls_inst/inst/ap_clk
                         FDRE                                         r  bd_0_i/hls_inst/inst/ap_CS_fsm_reg[77]/C
  -------------------------------------------------------------------    -------------------
                         FDRE (Prop_fdre_C_Q)         0.518     1.491 f  bd_0_i/hls_inst/inst/ap_CS_fsm_reg[77]/Q
                         net (fo=3, unplaced)         0.759     2.250    bd_0_i/hls_inst/inst/grp_GOST_Crypt_Step_fu_217/GOST_Table_U/Last_read_reg_658_reg[0][36]
                         LUT4 (Prop_lut4_I1_O)        0.319     2.569 f  bd_0_i/hls_inst/inst/grp_GOST_Crypt_Step_fu_217/GOST_Table_U/trunc_ln_reg_668[1]_i_6/O
                         net (fo=2, unplaced)         0.460     3.029    bd_0_i/hls_inst/inst/grp_GOST_Crypt_Step_fu_217/GOST_Table_U/trunc_ln_reg_668[1]_i_6_n_0
                         LUT5 (Prop_lut5_I4_O)        0.116     3.145 f  bd_0_i/hls_inst/inst/grp_GOST_Crypt_Step_fu_217/GOST_Table_U/trunc_ln_reg_668[31]_i_3/O
                         net (fo=1, unplaced)         1.111     4.256    bd_0_i/hls_inst/inst/grp_GOST_Crypt_Step_fu_217/GOST_Table_U/trunc_ln_reg_668[31]_i_3_n_0
                         LUT5 (Prop_lut5_I0_O)        0.124     4.380 r  bd_0_i/hls_inst/inst/grp_GOST_Crypt_Step_fu_217/GOST_Table_U/trunc_ln_reg_668[31]_i_2/O
                         net (fo=151, unplaced)       0.559     4.939    bd_0_i/hls_inst/inst/grp_GOST_Crypt_Step_fu_217/GOST_Table_U/ap_CS_fsm_reg[85]
                         LUT3 (Prop_lut3_I1_O)        0.124     5.063 r  bd_0_i/hls_inst/inst/grp_GOST_Crypt_Step_fu_217/GOST_Table_U/trunc_ln_reg_668[4]_i_1/O
                         net (fo=9, unplaced)         0.490     5.553    bd_0_i/hls_inst/inst/grp_GOST_Crypt_Step_fu_217/GOST_Table_U/trunc_ln_fu_227_p4[2]
                         LUT6 (Prop_lut6_I0_O)        0.124     5.677 r  bd_0_i/hls_inst/inst/grp_GOST_Crypt_Step_fu_217/GOST_Table_U/g1_b3__2_i_26/O
                         net (fo=1, unplaced)         0.000     5.677    bd_0_i/hls_inst/inst/grp_GOST_Crypt_Step_fu_217/GOST_Table_U/g1_b3__2_i_26_n_0
                         CARRY4 (Prop_carry4_S[0]_CO[3])
                                                      0.513     6.190 r  bd_0_i/hls_inst/inst/grp_GOST_Crypt_Step_fu_217/GOST_Table_U/g1_b3__2_i_15/CO[3]
                         net (fo=1, unplaced)         0.000     6.190    bd_0_i/hls_inst/inst/grp_GOST_Crypt_Step_fu_217/GOST_Table_U/g1_b3__2_i_15_n_0
                         CARRY4 (Prop_carry4_CI_CO[3])
                                                      0.117     6.307 r  bd_0_i/hls_inst/inst/grp_GOST_Crypt_Step_fu_217/GOST_Table_U/g1_b3__2_i_9/CO[3]
                         net (fo=1, unplaced)         0.000     6.307    bd_0_i/hls_inst/inst/grp_GOST_Crypt_Step_fu_217/GOST_Table_U/g1_b3__2_i_9_n_0
                         CARRY4 (Prop_carry4_CI_CO[3])
                                                      0.117     6.424 r  bd_0_i/hls_inst/inst/grp_GOST_Crypt_Step_fu_217/GOST_Table_U/g1_b3__2_i_2/CO[3]
                         net (fo=1, unplaced)         0.000     6.424    bd_0_i/hls_inst/inst/grp_GOST_Crypt_Step_fu_217/GOST_Table_U/g1_b3__2_i_2_n_0
                         CARRY4 (Prop_carry4_CI_CO[3])
                                                      0.117     6.541 r  bd_0_i/hls_inst/inst/grp_GOST_Crypt_Step_fu_217/GOST_Table_U/g1_b3__2_i_1/CO[3]
                         net (fo=1, unplaced)         0.000     6.541    bd_0_i/hls_inst/inst/grp_GOST_Crypt_Step_fu_217/GOST_Table_U/g1_b3__2_i_1_n_0
                         CARRY4 (Prop_carry4_CI_O[1])
                                                      0.337     6.878 r  bd_0_i/hls_inst/inst/grp_GOST_Crypt_Step_fu_217/GOST_Table_U/g1_b0_i_1/O[1]
                         net (fo=4, unplaced)         0.623     7.501    bd_0_i/hls_inst/inst/grp_GOST_Crypt_Step_fu_217/GOST_Table_U/add_ln44_fu_285_p2[21]
                         LUT4 (Prop_lut4_I1_O)        0.330     7.831 r  bd_0_i/hls_inst/inst/grp_GOST_Crypt_Step_fu_217/GOST_Table_U/g1_b3/O
                         net (fo=1, unplaced)         0.000     7.831    bd_0_i/hls_inst/inst/grp_GOST_Crypt_Step_fu_217/GOST_Table_U/g1_b3_n_0
                         FDRE                                         r  bd_0_i/hls_inst/inst/grp_GOST_Crypt_Step_fu_217/GOST_Table_U/q2_reg[3]/D
  -------------------------------------------------------------------    -------------------

                         (clock ap_clk rise edge)    10.000    10.000 r  
                                                      0.000    10.000 r  ap_clk (IN)
                         net (fo=614, unset)          0.924    10.924    bd_0_i/hls_inst/inst/grp_GOST_Crypt_Step_fu_217/GOST_Table_U/ap_clk
                         FDRE                                         r  bd_0_i/hls_inst/inst/grp_GOST_Crypt_Step_fu_217/GOST_Table_U/q2_reg[3]/C
                         clock pessimism              0.000    10.924    
                         clock uncertainty           -0.035    10.889    
                         FDRE (Setup_fdre_C_D)        0.077    10.966    bd_0_i/hls_inst/inst/grp_GOST_Crypt_Step_fu_217/GOST_Table_U/q2_reg[3]
  -------------------------------------------------------------------
                         required time                         10.966    
                         arrival time                          -7.831    
  -------------------------------------------------------------------
                         slack                                  3.135    




